<?xml version="1.0" encoding="UTF-8"?>
<!-- Generated by org.testng.reporters.JUnitReportReporter -->
<testsuite skipped="0" hostname="DESKTOP-0QT4LUR" name="com.framework.test.TestSuite_001" tests="1" failures="0" timestamp="19 Dec 2018 16:12:33 GMT" time="14.306" errors="0">
  <testcase name="registerUser" time="14.306" classname="com.framework.test.TestSuite_001"/>
</testsuite> <!-- com.framework.test.TestSuite_001 -->
