<?xml version="1.0" encoding="UTF-8"?>
<!-- Generated by org.testng.reporters.JUnitReportReporter -->
<testsuite skipped="0" hostname="DESKTOP-0QT4LUR" name="com.framework.test.HomePage" tests="1" failures="0" timestamp="19 Dec 2018 03:05:31 GMT" time="10.859" errors="0">
  <testcase name="initializeDriverTest" time="10.859" classname="com.framework.test.HomePage"/>
</testsuite> <!-- com.framework.test.HomePage -->
