<?xml version="1.0" encoding="UTF-8"?>
<!-- Generated by org.testng.reporters.JUnitReportReporter -->
<testsuite skipped="0" hostname="DESKTOP-0QT4LUR" name="com.framework.test.TestSuite_001" tests="2" failures="0" timestamp="20 Dec 2018 17:27:02 GMT" time="23.908" errors="0">
  <testcase name="registerUser" time="17.556" classname="com.framework.test.TestSuite_001"/>
  <testcase name="addNewUser" time="6.352" classname="com.framework.test.TestSuite_001"/>
</testsuite> <!-- com.framework.test.TestSuite_001 -->
